{'dateCreated': <DateTime '20200401T04:55:00' at 0x1a4f2528b88>, 'description': '转自：https://www.jianshu.com/p/92afe92db99f\n报错：\n```\nE:\\kibana>npm install node-sass\n \n> node-sass@3.8.0 install E:\\kibana\\node_modules\\node-sass\n> node scripts/install.js\nCannot download "https://github.com/sass/node-sass/releases/download/v3.8.0/win3\n2-x64-48_binding.node":\ntunneling socket could not be established, cause=socket hang up\nHint: If github.com is not accessible in your location\n      try setting a proxy via HTTP_PROXY, e.g.\n      export HTTP_PROXY=http://example.com:1234\nor configure npm proxy via\n      npm config set proxy http://example.com:8080\n> node-sass@3.8.0 postinstall E:\\kibana\\node_modules\\node-sass\n> node scripts/build.js\nBuilding: D:\\Program Files\\nodejs\\node.exe E:\\kibana\\node_modules\\node-gyp\\bin\\n\node-gyp.js rebuild --verbose --libsass_ext= --libsass_cflags= --libsass_ldflags=\n --libsass_library=\ngyp info it worked if it ends with ok\ngyp verb cli [ \'D:\\\\Program Files\\\\nodejs\\\\node.exe\',\ngyp verb cli   \'E:\\\\kibana\\\\node_modules\\\\node-gyp\\\\bin\\\\node-gyp.js\',\ngyp verb cli   \'rebuild\',\ngyp verb cli   \'--verbose\',\ngyp verb cli   \'--libsass_ext=\',\ngyp verb cli   \'--libsass_cflags=\',\ngyp verb cli   \'--libsass_ldflags=\',\ngyp verb cli   \'--libsass_library=\' ]\ngyp info using node-gyp@3.6.0\ngyp info using node@6.2.0 | win32 | x64\ngyp verb command rebuild []\ngyp verb command clean []\ngyp verb clean removing "build" directory\ngyp verb command configure []\ngyp verb check python checking for Python executable "python2" in the PATH\ngyp verb `which` failed Error: not found: python2\ngyp verb `which` failed     at getNotFoundError (E:\\kibana\\node_modules\\which\\wh\nich.js:13:12)\ngyp verb `which` failed     at F (E:\\kibana\\node_modules\\which\\which.js:68:19)\ngyp verb `which` failed     at E (E:\\kibana\\node_modules\\which\\which.js:80:29)\ngyp verb `which` failed     at E:\\kibana\\node_modules\\which\\which.js:89:16\ngyp verb `which` failed     at E:\\kibana\\node_modules\\isexe\\index.js:42:5\ngyp verb `which` failed     at E:\\kibana\\node_modules\\isexe\\windows.js:36:5\ngyp verb `which` failed     at FSReqWrap.oncomplete (fs.js:117:15)\ngyp verb `which` failed  python2 { Error: not found: python2\ngyp verb `which` failed     at getNotFoundError (E:\\kibana\\node_modules\\which\\wh\nich.js:13:12)\ngyp verb `which` failed     at F (E:\\kibana\\node_modules\\which\\which.js:68:19)\ngyp verb `which` failed     at E (E:\\kibana\\node_modules\\which\\which.js:80:29)\ngyp verb `which` failed     at E:\\kibana\\node_modules\\which\\which.js:89:16\ngyp verb `which` failed     at E:\\kibana\\node_modules\\isexe\\index.js:42:5\ngyp verb `which` failed     at E:\\kibana\\node_modules\\isexe\\windows.js:36:5\ngyp verb `which` failed     at FSReqWrap.oncomplete (fs.js:117:15) code: \'ENOENT\n\' }\ngyp verb check python checking for Python executable "python" in the PATH\ngyp verb `which` succeeded python C:\\Python27\\python.EXE\ngyp verb check python version `C:\\Python27\\python.EXE -c "import platform; print\n(platform.python_version());"` returned: "2.7.12\\r\\n"\ngyp verb get node dir no --target version specified, falling back to host node v\nersion: 6.2.0\ngyp verb command install [ \'6.2.0\' ]\ngyp verb install input version string "6.2.0"\ngyp verb install installing version: 6.2.0\ngyp verb install --ensure was passed, so won\'t reinstall if already installed\ngyp verb install version is already installed, need to check "installVersion"\ngyp verb got "installVersion" 9\ngyp verb needs "installVersion" 9\ngyp verb install version is good\ngyp verb get node dir target node version installed: 6.2.0\ngyp verb build dir attempting to create "build" dir: E:\\kibana\\node_modules\\node\n-sass\\build\ngyp verb build dir "build" dir needed to be created? E:\\kibana\\node_modules\\node\n-sass\\build\ngyp verb Not using VS2017: Could not use PowerShell to find VS2017\ngyp verb build/config.gypi creating config file\ngyp verb build/config.gypi writing out config file: E:\\kibana\\node_modules\\node-\nsass\\build\\config.gypi\ngyp verb config.gypi checking for gypi file: E:\\kibana\\node_modules\\node-sass\\co\nnfig.gypi\ngyp verb common.gypi checking for gypi file: E:\\kibana\\node_modules\\node-sass\\co\nmmon.gypi\ngyp verb gyp gyp format was not specified; forcing "msvs"\ngyp info spawn C:\\Python27\\python.EXE\ngyp info spawn args [ \'E:\\\\kibana\\\\node_modules\\\\node-gyp\\\\gyp\\\\gyp_main.py\',\ngyp info spawn args   \'binding.gyp\',\ngyp info spawn args   \'-f\',\ngyp info spawn args   \'msvs\',\ngyp info spawn args   \'-G\',\ngyp info spawn args   \'msvs_version=auto\',\ngyp info spawn args   \'-I\',\ngyp info spawn args   \'E:\\\\kibana\\\\node_modules\\\\node-sass\\\\build\\\\config.gypi\',\ngyp info spawn args   \'-I\',\ngyp info spawn args   \'E:\\\\kibana\\\\node_modules\\\\node-gyp\\\\addon.gypi\',\ngyp info spawn args   \'-I\',\ngyp info spawn args   \'C:\\\\Users\\\\15061857\\\\.node-gyp\\\\6.2.0\\\\include\\\\node\\\\com\nmon.gypi\',\ngyp info spawn args   \'-Dlibrary=shared_library\',\ngyp info spawn args   \'-Dvisibility=default\',\ngyp info spawn args   \'-Dnode_root_dir=C:\\\\Users\\\\15061857\\\\.node-gyp\\\\6.2.0\',\ngyp info spawn args   \'-Dnode_gyp_dir=E:\\\\kibana\\\\node_modules\\\\node-gyp\',\ngyp info spawn args   \'-Dnode_lib_file=node.lib\',\ngyp info spawn args   \'-Dmodule_root_dir=E:\\\\kibana\\\\node_modules\\\\node-sass\',\ngyp info spawn args   \'-Dnode_engine=v8\',\ngyp info spawn args   \'--depth=.\',\ngyp info spawn args   \'--no-parallel\',\ngyp info spawn args   \'--generator-output\',\ngyp info spawn args   \'E:\\\\kibana\\\\node_modules\\\\node-sass\\\\build\',\ngyp info spawn args   \'-Goutput_dir=.\' ]\ngyp verb command build []\ngyp verb build type Release\ngyp verb architecture x64\ngyp verb node dev dir C:\\Users\\15061857\\.node-gyp\\6.2.0\ngyp verb found first Solution file build/binding.sln\ngyp verb could not find "msbuild.exe" in PATH - finding location in registry\ngyp verb "Release" dir needed to be created? null\ngyp verb copying "node.lib" for x64 C:\\Users\\15061857\\.node-gyp\\6.2.0\\Release\\no\nde.lib\ngyp info spawn C:\\Windows\\Microsoft.NET\\Framework\\v4.0.30319\\msbuild.exe\ngyp info spawn args [ \'build/binding.sln\',\ngyp info spawn args   \'/nologo\',\ngyp info spawn args   \'/p:Configuration=Release;Platform=x64\' ]\nBuild started 2017/4/15 11:57:06.\nProject "E:\\kibana\\node_modules\\node-sass\\build\\binding.sln" on node 1 (default\n targets).\nValidateSolutionConfiguration:\n  Building solution configuration "Release|x64".\nMSBUILD : error MSB3428: 未能加载 Visual C++ 组件“VCBuild.exe”。要解决此问题，\n1) 安装 .NET Fram\nework 2.0 SDK；2) 安装 Microsoft Visual Studio 2005；或 3) 如果将该组件安装到了\n其他位置，请将其位置添加到系统\n路径中。 [E:\\kibana\\node_modules\\node-sass\\build\\binding.sln]\nDone Building Project "E:\\kibana\\node_modules\\node-sass\\build\\binding.sln" (def\nault targets) -- FAILED.\nBuild FAILED.\n"E:\\kibana\\node_modules\\node-sass\\build\\binding.sln" (default target) (1) ->\n(_src_\\libsass target) ->\n  MSBUILD : error MSB3428: 未能加载 Visual C++ 组件“VCBuild.exe”。要解决此问题\n，1) 安装 .NET Fr\namework 2.0 SDK；2) 安装 Microsoft Visual Studio 2005；或 3) 如果将该组件安装到\n了其他位置，请将其位置添加到\n系统路径中。 [E:\\kibana\\node_modules\\node-sass\\build\\binding.sln]\n    0 Warning(s)\n    1 Error(s)\nTime Elapsed 00:00:00.23\ngyp ERR! build error\ngyp ERR! stack Error: `C:\\Windows\\Microsoft.NET\\Framework\\v4.0.30319\\msbuild.exe\n` failed with exit code: 1\ngyp ERR! stack     at ChildProcess.onExit (E:\\kibana\\node_modules\\node-gyp\\lib\\b\nuild.js:285:23)\ngyp ERR! stack     at emitTwo (events.js:106:13)\ngyp ERR! stack     at ChildProcess.emit (events.js:191:7)\ngyp ERR! stack     at Process.ChildProcess._handle.onexit (internal/child_proces\ns.js:204:12)\ngyp ERR! System Windows_NT 6.1.7601\ngyp ERR! command "D:\\\\Program Files\\\\nodejs\\\\node.exe" "E:\\\\kibana\\\\node_modules\n\\\\node-gyp\\\\bin\\\\node-gyp.js" "rebuild" "--verbose" "--libsass_ext=" "--libsass_\ncflags=" "--libsass_ldflags=" "--libsass_library="\ngyp ERR! cwd E:\\kibana\\node_modules\\node-sass\ngyp ERR! node -v v6.2.0\ngyp ERR! node-gyp -v v3.6.0\ngyp ERR! not ok\nBuild failed\nnpm WARN optional SKIPPING OPTIONAL DEPENDENCY: fsevents@^1.0.0 (node_modules\\ba\nbel-cli\\node_modules\\chokidar\\node_modules\\fsevents):\nnpm WARN notsup SKIPPING OPTIONAL DEPENDENCY: Unsupported platform for fsevents@\n1.1.1: wanted {"os":"darwin","arch":"any"} (current: {"os":"win32","arch":"x64"}\n)\nnpm WARN optional SKIPPING OPTIONAL DEPENDENCY: fsevents@^1.0.0 (node_modules\\ch\nokidar\\node_modules\\fsevents):\nnpm WARN notsup SKIPPING OPTIONAL DEPENDENCY: Unsupported platform for fsevents@\n1.1.1: wanted {"os":"darwin","arch":"any"} (current: {"os":"win32","arch":"x64"}\n)\nnpm WARN optional SKIPPING OPTIONAL DEPENDENCY: fsevents@^1.0.0 (node_modules\\wa\ntchpack\\node_modules\\chokidar\\node_modules\\fsevents):\nnpm WARN notsup SKIPPING OPTIONAL DEPENDENCY: Unsupported platform for fsevents@\n1.1.1: wanted {"os":"darwin","arch":"any"} (current: {"os":"win32","arch":"x64"}\n)\nnpm WARN grunt-angular-translate@0.3.0 requires a peer of grunt@~0.4.0 but none\nwas installed.\nnpm ERR! code ELIFECYCLE\nnpm ERR! errno 1\nnpm ERR! node-sass@3.8.0 postinstall: `node scripts/build.js`\nnpm ERR! Exit status 1\nnpm ERR!\nnpm ERR! Failed at the node-sass@3.8.0 postinstall script \'node scripts/build.js\n\'.\nnpm ERR! Make sure you have the latest version of node.js and npm installed.\nnpm ERR! If you do, this is most likely a problem with the node-sass package,\nnpm ERR! not with npm itself.\nnpm ERR! Tell the author that this fails on your system:\nnpm ERR!     node scripts/build.js\nnpm ERR! You can get information on how to open an issue for this project with:\nnpm ERR!     npm bugs node-sass\nnpm ERR! Or if that isn\'t available, you can get their info via:\nnpm ERR!     npm owner ls node-sass\nnpm ERR! There is likely additional logging output above.\nnpm ERR! A complete log of this run can be found in:\nnpm ERR!     C:\\Users\\15061857\\AppData\\Roaming\\npm-cache\\_logs\\2017-04-15T03_57_\n07_545Z-debug.log\n\n```\n\n最后 gyp ERR! build error 应该是没有安装什么\n```\n解决办法：\n主要是windows平台缺少编译环境，\n1、先运行： npm install -g node-gyp\n2、然后运行：运行 npm install --global --production windows-build-tools 可以自动安装跨平台的编译器：gym注：第二句执行下载好msi文件卡着不懂不安装 ， 手动去对应的目录底下安装一下 在执行一边。\n```', 'title': 'node-sass 安装失败的报错', 'categories': ['[随笔分类]FrontEnd~NodeJs'], 'enclosure': {'length': 0}, 'link': 'https://www.cnblogs.com/wbyixx/p/12610101.html', 'permalink': 'https://www.cnblogs.com/wbyixx/p/12610101.html', 'postid': '12610101', 'source': {}, 'userid': '-2'}